app/build/outputs/logs/manifest-merger-debug-report.txt
-- Merging decision tree log ---
manifest
ADDED from src/main/AndroidManifest.xml:2:1-50:12
	xmlns:android
		ADDED from src/main/AndroidManifest.xml:3:11-69
	package
		ADDED from src/main/AndroidManifest.xml:2:11-50
		INJECTED from src/main/AndroidManifest.xml
		INJECTED from src/main/AndroidManifest.xml
	android:versionName
		INJECTED from src/main/AndroidManifest.xml
		INJECTED from src/main/AndroidManifest.xml
	android:versionCode
		INJECTED from src/main/AndroidManifest.xml
		INJECTED from src/main/AndroidManifest.xml
uses-permission#android.permission.SEND_SMS
ADDED from src/main/AndroidManifest.xml:5:5-66
	android:name
		ADDED from src/main/AndroidManifest.xml:5:22-64
uses-permission#android.permission.WRITE_SMS
ADDED from src/main/AndroidManifest.xml:6:5-67
	android:name
		ADDED from src/main/AndroidManifest.xml:6:22-65
uses-permission#android.permission.RECEIVE_SMS
ADDED from src/main/AndroidManifest.xml:7:5-69
	android:name
		ADDED from src/main/AndroidManifest.xml:7:22-67
uses-permission#android.permission.READ_SMS
ADDED from src/main/AndroidManifest.xml:8:5-66
	android:name
		ADDED from src/main/AndroidManifest.xml:8:22-64
uses-permission#android.permission.READ_CONTACTS
ADDED from src/main/AndroidManifest.xml:9:5-71
	android:name
		ADDED from src/main/AndroidManifest.xml:9:22-69
application
ADDED from src/main/AndroidManifest.xml:11:5-48:19
MERGED from [com.android.support:appcompat-v7:21.0.3] AndroidManifest.xml:16:5-19
MERGED from [com.android.support:support-v4:21.0.3] AndroidManifest.xml:16:5-19
	android:label
		ADDED from src/main/AndroidManifest.xml:14:9-41
	android:allowBackup
		ADDED from src/main/AndroidManifest.xml:12:9-35
	android:icon
		ADDED from src/main/AndroidManifest.xml:13:9-45
	android:theme
		ADDED from src/main/AndroidManifest.xml:15:9-40
activity#com.example.cmpickle.basicsms.ReceiveActivity
ADDED from src/main/AndroidManifest.xml:16:9-24:20
	android:label
		ADDED from src/main/AndroidManifest.xml:18:13-45
	android:name
		ADDED from src/main/AndroidManifest.xml:17:13-44
intent-filter#android.intent.action.MAIN+android.intent.category.LAUNCHER
ADDED from src/main/AndroidManifest.xml:19:13-23:29
action#android.intent.action.MAIN
ADDED from src/main/AndroidManifest.xml:20:17-68
	android:name
		ADDED from src/main/AndroidManifest.xml:20:25-66
category#android.intent.category.LAUNCHER
ADDED from src/main/AndroidManifest.xml:22:17-76
	android:name
		ADDED from src/main/AndroidManifest.xml:22:27-74
activity#com.example.cmpickle.basicsms.SendSMSActivity
ADDED from src/main/AndroidManifest.xml:25:9-29:20
	android:label
		ADDED from src/main/AndroidManifest.xml:27:13-60
	android:parentActivityName
		ADDED from src/main/AndroidManifest.xml:28:13-58
	android:name
		ADDED from src/main/AndroidManifest.xml:26:13-44
receiver#com.example.cmpickle.basicsms.SMSBroadcastReceiver
ADDED from src/main/AndroidManifest.xml:35:9-41:20
	android:exported
		ADDED from src/main/AndroidManifest.xml:37:13-36
	android:name
		ADDED from src/main/AndroidManifest.xml:36:13-49
intent-filter#android.provider.Telephony.SMS_RECIEVED
ADDED from src/main/AndroidManifest.xml:38:13-40:29
	android:priority
		ADDED from src/main/AndroidManifest.xml:38:28-50
action#android.provider.Telephony.SMS_RECIEVED
ADDED from src/main/AndroidManifest.xml:39:17-81
	android:name
		ADDED from src/main/AndroidManifest.xml:39:25-79
activity#com.example.cmpickle.basicsms.ConversationActivity
ADDED from src/main/AndroidManifest.xml:43:9-47:20
	android:label
		ADDED from src/main/AndroidManifest.xml:45:13-64
	android:parentActivityName
		ADDED from src/main/AndroidManifest.xml:46:13-58
	android:name
		ADDED from src/main/AndroidManifest.xml:44:13-49
uses-sdk
INJECTED from src/main/AndroidManifest.xml reason: use-sdk injection requested
MERGED from [com.android.support:appcompat-v7:21.0.3] AndroidManifest.xml:15:5-42
MERGED from [com.android.support:support-v4:21.0.3] AndroidManifest.xml:15:5-42
	android:targetSdkVersion
		INJECTED from src/main/AndroidManifest.xml
		INJECTED from src/main/AndroidManifest.xml
	android:minSdkVersion
		INJECTED from src/main/AndroidManifest.xml
		INJECTED from src/main/AndroidManifest.xml